debugnonce_start:  0
Mining block template, height 827344...
header:  b'\x00\x00\x00 R\x99p\x9d\x0c\x03\xdb\xf9\x1f\x81\x13\x9e\xf9\xf3\xa5\xe5-\xdd\x18\x9d!\xb4\x00\x00\x00\x00\x00\x00\x00\x00\x00\x00\x88\xfd\x1e\x1f\xa1\xec_\xda\x8e\xfa)\xbb\xd6\xe3\\G\xc1\x84\xfc\xf2\xab\xfe\x7f\xbe\xe7\x19\xe2(\xd8\x84\x16\x99\xa2\xa1\xb2eZ\x00\x04\x17\x00\x00\x00\x00'
0   5314514dc5d74a51883255b46bd0360247824c26e7e3e22b250b33d56b241cc4   00000000000000000004005a0000000000000000000000000000000000000000
1000000   29e1b297abc987852437e1aac41abe149b937060e257b178c51d4476ae8264be   00000000000000000004005a0000000000000000000000000000000000000000
2000000   eaf9ed93d83654e5ae0626a36071f30125806ca3f0ba2c684dc8dcf29d80d1bc   00000000000000000004005a0000000000000000000000000000000000000000
3000000   1989bbd7a7098ffdb897a2b9d4d937d30e6abbdd0960e6ae082b34230fd6203b   00000000000000000004005a0000000000000000000000000000000000000000
4000000   09057076064a1b8bf4b1157f899006be639048d8bd91b4769f31875f6e3760ea   00000000000000000004005a0000000000000000000000000000000000000000
5000000   8c1237127541057aa179d7d8afb47087c64f67184c724dd52f44fc352448b921   00000000000000000004005a0000000000000000000000000000000000000000
6000000   fdb688b13b6a8eab66e7d89e2549b46cf8283e3b843b20c45fe53351265dd8d2   00000000000000000004005a0000000000000000000000000000000000000000
7000000   ec23cdedce4595e2fa7518e836ab345827eafdb3f6a173ae9e9141d3dd199816   00000000000000000004005a0000000000000000000000000000000000000000
8000000   b518272c4b5f35e01462fb5e76b169311806e80058edda81ed1dd1f8a915c5f2   00000000000000000004005a0000000000000000000000000000000000000000
9000000   0a9fdc2943b82ddb713da1b0d2f9e9997dac760ad3b1ee30fd2cb8feec92d7e5   00000000000000000004005a0000000000000000000000000000000000000000
10000000   bc4ffc95e561b440099f0335a75cfcf7951344d90eb0dc1453f142d2c85b41af   00000000000000000004005a0000000000000000000000000000000000000000
11000000   0e561325c83b02e39209a8e4cb05a8ddee111a96279b3e117667cfef31aa841c   00000000000000000004005a0000000000000000000000000000000000000000
12000000   b5f58430eba0af05bf531808e216b3e4de04dd3b5eec5deb889fbd6577cfe4f4   00000000000000000004005a0000000000000000000000000000000000000000
13000000   35e8a1d49ecc3c73c12805fd24d946e24fcf03471751e415165a984a97d2e2f5   00000000000000000004005a0000000000000000000000000000000000000000
14000000   b974c982638b14c288ced887b37a3d2d5c13a616dc0931979db2c8b5d1fcd29c   00000000000000000004005a0000000000000000000000000000000000000000
15000000   de679e13b983afbe1f5e0423f179cd7bc7c81a18fa0daa564f4e2bf35e0c2b4f   00000000000000000004005a0000000000000000000000000000000000000000
16000000   7e301d6dd7f49bb92dac9ccb9e7b64dd613fe6b0cc231f249e4804cc8ff60969   00000000000000000004005a0000000000000000000000000000000000000000
17000000   a3ba4ead5f0cf7e172c5de72da36e35b993316a626316118b70b6b1beb13949f   00000000000000000004005a0000000000000000000000000000000000000000
18000000   6a0a44742aef291f1c93774fe9f96acf00b8893b3d399a30770cdaade4d710b3   00000000000000000004005a0000000000000000000000000000000000000000
19000000   334c696372789bdebdc6a6de61b0ff1b0b8a25958b4dcade695d41211981d0b1   00000000000000000004005a0000000000000000000000000000000000000000
20000000   dff98b08a61e658ced974f0342a74966b012d0746cbd9f35cb116e308af0a646   00000000000000000004005a0000000000000000000000000000000000000000
21000000   56667deaafd4480702045bfe11bd9e1044017a72160eaf8051432b954025515e   00000000000000000004005a0000000000000000000000000000000000000000
22000000   e9a8fbb7781ade2767ad592eb45a4e52e93f5e1dc46bf0fa95bfba41115286f8   00000000000000000004005a0000000000000000000000000000000000000000
23000000   1877f7ba19b68fbcb9bf3150fa13bb5deecae4b6ef8cffea66231ef1acd22d97   00000000000000000004005a0000000000000000000000000000000000000000
new_height:  827345
debugnonce_start:  0
Mining block template, height 827345...
header:  b'\x00\x00\x00 3\xeeH\xa5`\x1dp\xdc\xdaYl\x9f\x94^\\\xe08{h\x16B\xd1\x01\x00\x00\x00\x00\x00\x00\x00\x00\x00s\xbe>\xef\xbf\xd2)N\x9fn\x96w5\xfaC>\xfe\xd5\xd2_9D9\x94\xcb\x96eV\xd9\nOJ\x89\xa2\xb2eZ\x00\x04\x17\x00\x00\x00\x00'
0   c4e48b022705677d276210c7df5dfc7772407c84dd8cbb87389f6c6ed825fe01   00000000000000000004005a0000000000000000000000000000000000000000
1000000   25c23fd8fba53dd49eb3ea425fd98f4c86fa626e2d81119f1843a5442f0bae15   00000000000000000004005a0000000000000000000000000000000000000000
2000000   40c2630e97385b554ce2ecbb4ccaae84d8c4f562a8c637da14087abd91b70dad   00000000000000000004005a0000000000000000000000000000000000000000
3000000   0257c6335ddbb5e613037604f241b3a307287f657617f672b7fcc455c42182c6   00000000000000000004005a0000000000000000000000000000000000000000
4000000   7037f270d68d3b81f02a53bce2bc72d8ad6c0f859eb53c2e6f190339be1b17e7   00000000000000000004005a0000000000000000000000000000000000000000
5000000   cbad28e1f0c77087214f5a72d81471e6ce7e095455db4eb42e62a3ff9143ba76   00000000000000000004005a0000000000000000000000000000000000000000
6000000   245105051ee1b62539adc61d1d5227da8eb3788928547ba282195f73014291c0   00000000000000000004005a0000000000000000000000000000000000000000
7000000   863fa1cfe22eebd44b0faaf479a8ec04137501a8971bc392c03c45a28ca899e5   00000000000000000004005a0000000000000000000000000000000000000000
8000000   2cf3b5629ca8993e1385912a0a723a6200017a44dea62fe395583b793dda8343   00000000000000000004005a0000000000000000000000000000000000000000
9000000   7992a64574b776d0770453cdef2623fb39583a30c8a778fc2560e83e60b15d3a   00000000000000000004005a0000000000000000000000000000000000000000
10000000   76c3dbb39a11bb54deade86ee517943a4a6431485583b06160ad3babc13fd449   00000000000000000004005a0000000000000000000000000000000000000000
11000000   fb80573a8feb6063b874d3d672e53d4f6f7d80e1def15108cab4c3ebca07effa   00000000000000000004005a0000000000000000000000000000000000000000
12000000   705cd91f5f75893a07f844301575fff9d5c1073b62b6022686fe18a410e440ec   00000000000000000004005a0000000000000000000000000000000000000000
13000000   9e19b1db045d4118b058fee42fa33803fc541a571ee9f2118d4e027b7d2ca7aa   00000000000000000004005a0000000000000000000000000000000000000000
14000000   9eab4ae02a895f1dbb5103043f0164afe16a861e0e5187e3a8b5660280ae3c25   00000000000000000004005a0000000000000000000000000000000000000000
15000000   3635fc4eb5ca0e2aa271640ec4e37d80ef96181b40ca7be45228102a50a760cb   00000000000000000004005a0000000000000000000000000000000000000000
16000000   3a477ac1671a5737e9b98abd985aa20b4de592710d265ecc0c0f8feea6ace910   00000000000000000004005a0000000000000000000000000000000000000000
17000000   f4eb0b7042da3454721e16088149a538f51b7d823f04e3bad50a717e38ed1dec   00000000000000000004005a0000000000000000000000000000000000000000
new_height:  827346
debugnonce_start:  0
Mining block template, height 827346...
header:  b'\x00\x00\x00 \t8\xe6\x97\xcb\x94!\xeb0\xb8fY\x95\x89iE\x95\xa0P\xa7\xa4\x17\x03\x00\x00\x00\x00\x00\x00\x00\x00\x00\xe7C\xf3B\x80#h3\xa7Y\xb1\xf4\xc2\xe7\xa0*{j?\xaf\x8fqIbp\xc8\xec\xa4"\xf7\x86R1\xa3\xb2eZ\x00\x04\x17\x00\x00\x00\x00'
0   4e1ecc0b71cdd9fa3ac49d22a91b6b36839c2a82ac6f49347e226978381a2c08   00000000000000000004005a0000000000000000000000000000000000000000
1000000   1808c3d043cd72e186de112897387eebf38660d46569268c168467ea6b9a6a6e   00000000000000000004005a0000000000000000000000000000000000000000
2000000   3d0dda41a886a5ab59f4ab4e3d663d902170ecde0832dc3dd444133ba558e315   00000000000000000004005a0000000000000000000000000000000000000000
3000000   59e94169160ce2fef40c26dff24f080a86280f589393fd085b5a94ab7ebda1f5   00000000000000000004005a0000000000000000000000000000000000000000
4000000   8256e9d034be0a0df2dff4c65d0b00caad550b909432af36f284a39f29d352a8   00000000000000000004005a0000000000000000000000000000000000000000
5000000   971eda7bec2ac735812bf64a0628c1956980fd5189131bfb899b9dfda62a1cc6   00000000000000000004005a0000000000000000000000000000000000000000
6000000   2b9e715527d02cf2ee8b3dbac90e69f37ce8f271ba5b091de84260a764334c19   00000000000000000004005a0000000000000000000000000000000000000000
7000000   a18fd0fd6ff44d38ed05481c0a1de1b753936c07a35ca3bae006803f71a033ea   00000000000000000004005a0000000000000000000000000000000000000000
8000000   a78e3dfac9babf85fe6676402a75944209a8a05d7f26adb3ae5fc4c1fc09d56a   00000000000000000004005a0000000000000000000000000000000000000000
9000000   5e2aaf20f8fde1ece987ed4211e7273f272c48d1bf5a9bd611914b824a55b1e8   00000000000000000004005a0000000000000000000000000000000000000000
10000000   dbe60fbac831edd0cc745cb44724c27a421eb09ace5447aef72aec0e1fd672be   00000000000000000004005a0000000000000000000000000000000000000000
11000000   8a0626cdd120847a64534c0ab6a82ce4864d66cf04f553921e0a8a5636063fc1   00000000000000000004005a0000000000000000000000000000000000000000
12000000   1fda48a1dc37affdd001b5fdbc2c55a8489dfa969f6a53f3755792c02cf609e8   00000000000000000004005a0000000000000000000000000000000000000000
13000000   cd3bb06023b68ce5ab8ab3bdb4116e35aef6e8ae6bfe05de472cf71660b5ed48   00000000000000000004005a0000000000000000000000000000000000000000
14000000   e9df9cb65a89f840fddad67b3838d5a251ccaf03f7e59d3e0719efab4e3b0d36   00000000000000000004005a0000000000000000000000000000000000000000
15000000   1e90cde72eddacec228e45126f80599c577787aa3212ba2e74252ea9560db7d8   00000000000000000004005a0000000000000000000000000000000000000000
16000000   90fbd97d019e517f510dacd8c805cf0dc7904832d38d2f9f6e9c0df2200c12e4   00000000000000000004005a0000000000000000000000000000000000000000
17000000   ff36945046a19d143dfd19c00aea5dc65c9946ebebf09a329469159edeab4d05   00000000000000000004005a0000000000000000000000000000000000000000
18000000   61a6d0aea4e34fa3c305be495ac76815ea790580bfefff4d2306174d60231283   00000000000000000004005a0000000000000000000000000000000000000000
19000000   67df4859ca1b7ad7f45779ce89782f5fccc5b91e2351307278c1ae4bbca54d19   00000000000000000004005a0000000000000000000000000000000000000000
20000000   07a061eb84bf679e4f5fdc52c3beff38481bb8f56ecf99b443de102fd252128c   00000000000000000004005a0000000000000000000000000000000000000000
21000000   f07589a8c35bc67433785c640798c5a09c91066539d5c48d3f6ccd1af95d27b8   00000000000000000004005a0000000000000000000000000000000000000000
22000000   b76fdd70fa4abbd8df8dd6bb168134c10bf92e77b8653bd590f7c2de283ef088   00000000000000000004005a0000000000000000000000000000000000000000
23000000   ac5402f2f7a2163e6348f101560a692ea975cf221f1958cf86042b0beac40b81   00000000000000000004005a0000000000000000000000000000000000000000
24000000   2f7d472e92488d2cfb879ede618eaf657216eef807cc5a7c7675e72b75086f21   00000000000000000004005a0000000000000000000000000000000000000000
25000000   cb042448ef8b0dabb48a7476ecd61a67c88b97bcd3f593f259c9769386b93320   00000000000000000004005a0000000000000000000000000000000000000000
26000000   cd140041feadfaf531aa6256011c02997551007d6cfe8890af0beaa8910038cd   00000000000000000004005a0000000000000000000000000000000000000000
27000000   8185c33d127bf813a86cdf1cae9a6cbbf54540c1a651bc8e1f996f758fe2bc5a   00000000000000000004005a0000000000000000000000000000000000000000
28000000   0d5bf97463be59da5dc363de7fb5b5abdba06e377d2c115a3a4aad1eabf6c56f   00000000000000000004005a0000000000000000000000000000000000000000
29000000   3adf69052e8c524f1597fff0a8e16fa4805b4efdb3b2a9f3bd27f3756ccfb27c   00000000000000000004005a0000000000000000000000000000000000000000
30000000   55ef4f63ee65637f3fc06999eafc1ef7da221e599eef8cd764997d685ecfd62c   00000000000000000004005a0000000000000000000000000000000000000000
31000000   d63797e9167f62ff405d3525f335509264297f8decccaa299d79dbc0a4a39d96   00000000000000000004005a0000000000000000000000000000000000000000
32000000   1ddb274433e83f960e4780655be85d1c4ec6f4bcfe9ee22bb323b8281ee229c6   00000000000000000004005a0000000000000000000000000000000000000000
33000000   ca11eb02f31696521dc84d11533ad8bffb603a4ed86b2a56f296942d0e115f1d   00000000000000000004005a0000000000000000000000000000000000000000
34000000   3bfd892170b920aa3f3c5b71c857a97782ff844ce6329065ad5c43d9f926d929   00000000000000000004005a0000000000000000000000000000000000000000
35000000   af05cb31b541d1c1d8a0537306d545d79277f97a1da4e13427b41864b81361ce   00000000000000000004005a0000000000000000000000000000000000000000
36000000   0483edc5123c65fb4ad504f30fda714ffadb25a5cb9a3611b38b44ea4df97bfe   00000000000000000004005a0000000000000000000000000000000000000000
37000000   3b1139c9b0f8ff6cb8201fec8fcdd6d34eae65835edd9618713b9424e5d56c0e   00000000000000000004005a0000000000000000000000000000000000000000
38000000   1045558bf195d4932b14303bbef43fafff05ea368657b895c18e65b8469d7a2e   00000000000000000004005a0000000000000000000000000000000000000000
39000000   1584156fbdd3a195d728922526ca66491e0044a509fc77788dc64f084bc02214   00000000000000000004005a0000000000000000000000000000000000000000
40000000   cce23c1366c5ff079d83011061a108f835bf6119d7f56427b4127b18f73126f1   00000000000000000004005a0000000000000000000000000000000000000000
41000000   cde101b7cdcc6dff24379da6b3c3758a50278492e7186f6f8ed781bfa217bc5a   00000000000000000004005a0000000000000000000000000000000000000000
42000000   bee166cd56977b72b02280bde6fa9a9d7c24292ebbe285cbe2873f293e8e234f   00000000000000000004005a0000000000000000000000000000000000000000
43000000   407ceca20d931e7f53511d4183d15d08a653e4ddddf8b185a5a37347e82321c9   00000000000000000004005a0000000000000000000000000000000000000000
44000000   286a18758b0b4d598870c9e26f8c9961b0ab5b32c489b3bdc1ccf328a82641b0   00000000000000000004005a0000000000000000000000000000000000000000
45000000   6dce75bbb9069b241ae5502f9d59990ee4056de860cc98164749a82818611f43   00000000000000000004005a0000000000000000000000000000000000000000
46000000   142cdf81488f174e4d1564d39dce281bd0f9083d7ea43ad3eb5c30b214c04568   00000000000000000004005a0000000000000000000000000000000000000000
47000000   e1e0d2d9c9b33988e42157e346c4afb61204d898ea5a1c4b88e1196db0d02649   00000000000000000004005a0000000000000000000000000000000000000000
48000000   7c6cd2b6e0577c836b494581b4890fbb3de3d8f763b443816d88232b5ebe0031   00000000000000000004005a0000000000000000000000000000000000000000
49000000   26edb0f361e1c486b59d5faf64392a88066395bbd7d3ec45d6aabb3b40e69d62   00000000000000000004005a0000000000000000000000000000000000000000
50000000   f2773b0a29cc5ed8ad95e630337176dc95328bcc522417235241130b90bce7bc   00000000000000000004005a0000000000000000000000000000000000000000
51000000   4454301af9f0fdcd188ea163b468b02b5760f82486705782f1ce465e368ebdea   00000000000000000004005a0000000000000000000000000000000000000000
52000000   3edf17d48c903a4d1ba0a9091dd9293c77004e844773ea6838c27d1f84175c7d   00000000000000000004005a0000000000000000000000000000000000000000
53000000   eaa48a638f9c5532ed31e7d3565d38837df0062fe368dd68de597a74666befa7   00000000000000000004005a0000000000000000000000000000000000000000
54000000   e143bf44cfa0db15ce17a343f73528694e97fa1cffbf6a3bf58637088ac9293a   00000000000000000004005a0000000000000000000000000000000000000000
55000000   882385b6e8c365f30136baee13efbc3e55871ad2f3328543c37f0ba5b3a4e172   00000000000000000004005a0000000000000000000000000000000000000000
56000000   1b2d094fbe638a643d45ec3151a0305780a3779f4140715ea6e196ecb315a055   00000000000000000004005a0000000000000000000000000000000000000000
57000000   63a3dfa37528d4b726921b621b9d48e8fe798e744428ca240479693676b9a0d2   00000000000000000004005a0000000000000000000000000000000000000000
58000000   66db64ec46bea9686a55a2f4527fc779c23232083c69898fb3cd95e5c2243ee3   00000000000000000004005a0000000000000000000000000000000000000000
59000000   c596a8b8bcffc62f46be7671860b52bff60f51b4c24b371fad9f4505d42ed8dd   00000000000000000004005a0000000000000000000000000000000000000000
60000000   4ed9c320740243f4a66708a88a2508292974eba505c6abbebdcf3dee6c1a97ea   00000000000000000004005a0000000000000000000000000000000000000000
61000000   52ce24aaa1ba4c9467142e08e49cd90e943b60b7ecf0240be74d0045d81ed8ed   00000000000000000004005a0000000000000000000000000000000000000000
62000000   0ef6509e75a1646e2169e7c8ca32db6807a6694316a48194e5d2f0a014ae56b4   00000000000000000004005a0000000000000000000000000000000000000000
63000000   fd9da423aea4a211ebb2cc507ddefb9000a3164c8f79680841ae80dff8ba8a19   00000000000000000004005a0000000000000000000000000000000000000000
64000000   e1ea7e82bca79ace6126ec9f80721c49f43b7b5a786ff6d619032dba83e5a323   00000000000000000004005a0000000000000000000000000000000000000000
65000000   3f7653781d3a667f1e5f2fec2aba18b68b1a4a85abc177e3c58afc1f0646ab20   00000000000000000004005a0000000000000000000000000000000000000000
Traceback (most recent call last):
  File "/Users/sreenath/anaconda3/lib/python3.11/site-packages/pymongo/pool.py", line 932, in command
    return command(
           ^^^^^^^^
  File "/Users/sreenath/anaconda3/lib/python3.11/site-packages/pymongo/network.py", line 181, in command
    reply = receive_message(conn, request_id)
            ^^^^^^^^^^^^^^^^^^^^^^^^^^^^^^^^^
  File "/Users/sreenath/anaconda3/lib/python3.11/site-packages/pymongo/network.py", line 247, in receive_message
    length, _, response_to, op_code = _UNPACK_HEADER(_receive_data_on_socket(conn, 16, deadline))
                                                     ^^^^^^^^^^^^^^^^^^^^^^^^^^^^^^^^^^^^^^^^^^^
  File "/Users/sreenath/anaconda3/lib/python3.11/site-packages/pymongo/network.py", line 336, in _receive_data_on_socket
    raise OSError("connection closed")
OSError: connection closed

The above exception was the direct cause of the following exception:

Traceback (most recent call last):
  File "/Users/sreenath/Documents/bitcoin_code/ntgbtminer/ntgbtminer.py", line 573, in <module>
    standalone_miner(sys.argv[1].encode().hex(), sys.argv[2], int(sys.argv[3]) )
  File "/Users/sreenath/Documents/bitcoin_code/ntgbtminer/ntgbtminer.py", line 553, in standalone_miner
    mined_block, hash_rate, block_hash = block_mine(block_template, coinbase_message, 0, address, None, debugnonce_start)
                                         ^^^^^^^^^^^^^^^^^^^^^^^^^^^^^^^^^^^^^^^^^^^^^^^^^^^^^^^^^^^^^^^^^^^^^^^^^^^^^^^^
  File "/Users/sreenath/Documents/bitcoin_code/ntgbtminer/ntgbtminer.py", line 504, in block_mine
    m.delete("blocktemplate", {})
  File "/Users/sreenath/Documents/bitcoin_code/ntgbtminer/db.py", line 90, in delete
    col.delete_one(query)
  File "/Users/sreenath/anaconda3/lib/python3.11/site-packages/pymongo/collection.py", line 1397, in delete_one
    self._delete_retryable(
  File "/Users/sreenath/anaconda3/lib/python3.11/site-packages/pymongo/collection.py", line 1339, in _delete_retryable
    return self.__database.client._retryable_write(
           ^^^^^^^^^^^^^^^^^^^^^^^^^^^^^^^^^^^^^^^^
  File "/Users/sreenath/anaconda3/lib/python3.11/site-packages/pymongo/mongo_client.py", line 1568, in _retryable_write
    return self._retry_with_session(retryable, func, s, None)
           ^^^^^^^^^^^^^^^^^^^^^^^^^^^^^^^^^^^^^^^^^^^^^^^^^^
  File "/Users/sreenath/anaconda3/lib/python3.11/site-packages/pymongo/mongo_client.py", line 1413, in _retry_with_session
    return self._retry_internal(retryable, func, session, bulk)
           ^^^^^^^^^^^^^^^^^^^^^^^^^^^^^^^^^^^^^^^^^^^^^^^^^^^^
  File "/Users/sreenath/anaconda3/lib/python3.11/site-packages/pymongo/_csot.py", line 108, in csot_wrapper
    return func(self, *args, **kwargs)
           ^^^^^^^^^^^^^^^^^^^^^^^^^^^
  File "/Users/sreenath/anaconda3/lib/python3.11/site-packages/pymongo/mongo_client.py", line 1458, in _retry_internal
    raise last_error
  File "/Users/sreenath/anaconda3/lib/python3.11/site-packages/pymongo/mongo_client.py", line 1451, in _retry_internal
    with self._checkout(server, session) as conn:
  File "/Users/sreenath/anaconda3/lib/python3.11/contextlib.py", line 137, in __enter__
    return next(self.gen)
           ^^^^^^^^^^^^^^
  File "/Users/sreenath/anaconda3/lib/python3.11/site-packages/pymongo/mongo_client.py", line 1246, in _checkout
    with server.checkout(handler=err_handler) as conn:
  File "/Users/sreenath/anaconda3/lib/python3.11/contextlib.py", line 137, in __enter__
    return next(self.gen)
           ^^^^^^^^^^^^^^
  File "/Users/sreenath/anaconda3/lib/python3.11/site-packages/pymongo/pool.py", line 1598, in checkout
    conn = self._get_conn(handler=handler)
           ^^^^^^^^^^^^^^^^^^^^^^^^^^^^^^^
  File "/Users/sreenath/anaconda3/lib/python3.11/site-packages/pymongo/pool.py", line 1714, in _get_conn
    conn = self.connect(handler=handler)
           ^^^^^^^^^^^^^^^^^^^^^^^^^^^^^
  File "/Users/sreenath/anaconda3/lib/python3.11/site-packages/pymongo/pool.py", line 1563, in connect
    conn.hello()
  File "/Users/sreenath/anaconda3/lib/python3.11/site-packages/pymongo/pool.py", line 778, in hello
    return self._hello(None, None, None)
           ^^^^^^^^^^^^^^^^^^^^^^^^^^^^^
  File "/Users/sreenath/anaconda3/lib/python3.11/site-packages/pymongo/pool.py", line 822, in _hello
    doc = self.command("admin", cmd, publish_events=False, exhaust_allowed=awaitable)
          ^^^^^^^^^^^^^^^^^^^^^^^^^^^^^^^^^^^^^^^^^^^^^^^^^^^^^^^^^^^^^^^^^^^^^^^^^^^
  File "/Users/sreenath/anaconda3/lib/python3.11/site-packages/pymongo/helpers.py", line 315, in inner
    return func(*args, **kwargs)
           ^^^^^^^^^^^^^^^^^^^^^
  File "/Users/sreenath/anaconda3/lib/python3.11/site-packages/pymongo/pool.py", line 960, in command
    self._raise_connection_failure(error)
  File "/Users/sreenath/anaconda3/lib/python3.11/site-packages/pymongo/pool.py", line 1134, in _raise_connection_failure
    _raise_connection_failure(self.address, error)
  File "/Users/sreenath/anaconda3/lib/python3.11/site-packages/pymongo/pool.py", line 406, in _raise_connection_failure
    raise AutoReconnect(msg) from error
pymongo.errors.AutoReconnect: localhost:27017: connection closed
